# JRE version: Java(TM) SE Runtime Environment (17.0.12+8) (build 17.0.12+8-LTS-286)
# Java VM: Java HotSpot(TM) 64-Bit Server VM (17.0.12+8-LTS-286, mixed mode, sharing, tiered, compressed oops, compressed class ptrs, g1 gc, windows-amd64)
GC Precious Log:
 CPUs: 4 total, 4 available
 Memory: 8073M
 Large Page Support: Disabled
 NUMA Support: Disabled
 Compressed Oops: Enabled (32-bit)
 Heap Region Size: 1M
 Heap Min Capacity: 8M
 Heap Initial Capacity: 128M
 Heap Max Capacity: 2G
 Pre-touch: Disabled
 Parallel Workers: 4
 Concurrent Workers: 1
 Concurrent Refinement Workers: 4
 Periodic GC: Disabled
Heap:
 garbage-first heap   total 201728K, used 140787K [0x0000000080000000, 0x0000000100000000)
  region size 1024K, 29 young (29696K), 4 survivors (4096K)
 Metaspace       used 100543K, committed 101632K, reserved 557056K
  class space    used 14044K, committed 14528K, reserved 425984K
GC Heap History (20 events):
Event: 48.339 GC heap before
{Heap before GC invocations=41 (full 0):
 garbage-first heap   total 184320K, used 151288K [0x0000000080000000, 0x0000000100000000)
  region size 1024K, 64 young (65536K), 9 survivors (9216K)
 Metaspace       used 78377K, committed 79360K, reserved 557056K
  class space    used 10923K, committed 11392K, reserved 425984K
}
Event: 48.348 GC heap after
{Heap after GC invocations=42 (full 0):
 garbage-first heap   total 184320K, used 97284K [0x0000000080000000, 0x0000000100000000)
  region size 1024K, 4 young (4096K), 4 survivors (4096K)
 Metaspace       used 78377K, committed 79360K, reserved 557056K
  class space    used 10923K, committed 11392K, reserved 425984K
}
Event: 48.540 GC heap before
{Heap before GC invocations=42 (full 0):
 garbage-first heap   total 184320K, used 102404K [0x0000000080000000, 0x0000000100000000)
  region size 1024K, 9 young (9216K), 4 survivors (4096K)
 Metaspace       used 78708K, committed 79680K, reserved 557056K
  class space    used 10976K, committed 11456K, reserved 425984K
}
Event: 48.547 GC heap after
{Heap after GC invocations=43 (full 0):
 garbage-first heap   total 184320K, used 96319K [0x0000000080000000, 0x0000000100000000)
  region size 1024K, 1 young (1024K), 1 survivors (1024K)
 Metaspace       used 78708K, committed 79680K, reserved 557056K
  class space    used 10976K, committed 11456K, reserved 425984K
}
Event: 50.381 GC heap before
{Heap before GC invocations=43 (full 0):
 garbage-first heap   total 184320K, used 155711K [0x0000000080000000, 0x0000000100000000)
  region size 1024K, 54 young (55296K), 1 survivors (1024K)
 Metaspace       used 82351K, committed 83328K, reserved 557056K
  class space    used 11429K, committed 11904K, reserved 425984K
}
Event: 50.390 GC heap after
{Heap after GC invocations=44 (full 0):
 garbage-first heap   total 184320K, used 102177K [0x0000000080000000, 0x0000000100000000)
  region size 1024K, 6 young (6144K), 6 survivors (6144K)
 Metaspace       used 82351K, committed 83328K, reserved 557056K
  class space    used 11429K, committed 11904K, reserved 425984K
}
Event: 52.180 GC heap before
{Heap before GC invocations=44 (full 0):
 garbage-first heap   total 184320K, used 152353K [0x0000000080000000, 0x0000000100000000)
  region size 1024K, 54 young (55296K), 6 survivors (6144K)
 Metaspace       used 86026K, committed 86976K, reserved 557056K
  class space    used 11883K, committed 12352K, reserved 425984K
}
Event: 52.189 GC heap after
{Heap after GC invocations=45 (full 0):
 garbage-first heap   total 184320K, used 106948K [0x0000000080000000, 0x0000000100000000)
  region size 1024K, 3 young (3072K), 3 survivors (3072K)
 Metaspace       used 86026K, committed 86976K, reserved 557056K
  class space    used 11883K, committed 12352K, reserved 425984K
}
Event: 53.359 GC heap before
{Heap before GC invocations=45 (full 0):
 garbage-first heap   total 184320K, used 153028K [0x0000000080000000, 0x0000000100000000)
  region size 1024K, 48 young (49152K), 3 survivors (3072K)
 Metaspace       used 89142K, committed 90112K, reserved 557056K
  class space    used 12321K, committed 12800K, reserved 425984K
}
Event: 53.365 GC heap after
{Heap after GC invocations=46 (full 0):
 garbage-first heap   total 184320K, used 107839K [0x0000000080000000, 0x0000000100000000)
  region size 1024K, 4 young (4096K), 4 survivors (4096K)
 Metaspace       used 89142K, committed 90112K, reserved 557056K
  class space    used 12321K, committed 12800K, reserved 425984K
}
Event: 54.154 GC heap before
{Heap before GC invocations=47 (full 0):
 garbage-first heap   total 201728K, used 152895K [0x0000000080000000, 0x0000000100000000)
  region size 1024K, 48 young (49152K), 4 survivors (4096K)
 Metaspace       used 90043K, committed 91072K, reserved 557056K
  class space    used 12486K, committed 12992K, reserved 425984K
}
Event: 54.164 GC heap after
{Heap after GC invocations=48 (full 0):
 garbage-first heap   total 201728K, used 110993K [0x0000000080000000, 0x0000000100000000)
  region size 1024K, 5 young (5120K), 5 survivors (5120K)
 Metaspace       used 90043K, committed 91072K, reserved 557056K
  class space    used 12486K, committed 12992K, reserved 425984K
}
Event: 54.243 GC heap before
{Heap before GC invocations=48 (full 0):
 garbage-first heap   total 201728K, used 115089K [0x0000000080000000, 0x0000000100000000)
  region size 1024K, 9 young (9216K), 5 survivors (5120K)
 Metaspace       used 90045K, committed 91072K, reserved 557056K
  class space    used 12486K, committed 12992K, reserved 425984K
}
Event: 54.254 GC heap after
{Heap after GC invocations=49 (full 0):
 garbage-first heap   total 201728K, used 110597K [0x0000000080000000, 0x0000000100000000)
  region size 1024K, 1 young (1024K), 1 survivors (1024K)
 Metaspace       used 90045K, committed 91072K, reserved 557056K
  class space    used 12486K, committed 12992K, reserved 425984K
}
Event: 55.577 GC heap before
{Heap before GC invocations=49 (full 0):
 garbage-first heap   total 201728K, used 167941K [0x0000000080000000, 0x0000000100000000)
  region size 1024K, 57 young (58368K), 1 survivors (1024K)
 Metaspace       used 92477K, committed 93504K, reserved 557056K
  class space    used 12824K, committed 13312K, reserved 425984K
}
Event: 55.583 GC heap after
{Heap after GC invocations=50 (full 0):
 garbage-first heap   total 201728K, used 112775K [0x0000000080000000, 0x0000000100000000)
  region size 1024K, 3 young (3072K), 3 survivors (3072K)
 Metaspace       used 92477K, committed 93504K, reserved 557056K
  class space    used 12824K, committed 13312K, reserved 425984K
}
Event: 56.815 GC heap before
{Heap before GC invocations=50 (full 0):
 garbage-first heap   total 201728K, used 170119K [0x0000000080000000, 0x0000000100000000)
  region size 1024K, 58 young (59392K), 3 survivors (3072K)
 Metaspace       used 96080K, committed 97152K, reserved 557056K
  class space    used 13455K, committed 13952K, reserved 425984K
}
Event: 56.823 GC heap after
{Heap after GC invocations=51 (full 0):
 garbage-first heap   total 201728K, used 114516K [0x0000000080000000, 0x0000000100000000)
  region size 1024K, 5 young (5120K), 5 survivors (5120K)
 Metaspace       used 96080K, committed 97152K, reserved 557056K
  class space    used 13455K, committed 13952K, reserved 425984K
}
Event: 58.586 GC heap before
{Heap before GC invocations=51 (full 0):
 garbage-first heap   total 201728K, used 169812K [0x0000000080000000, 0x0000000100000000)
  region size 1024K, 59 young (60416K), 5 survivors (5120K)
 Metaspace       used 99333K, committed 100416K, reserved 557056K
  class space    used 13873K, committed 14400K, reserved 425984K
}
Event: 58.600 GC heap after
{Heap after GC invocations=52 (full 0):
 garbage-first heap   total 201728K, used 116211K [0x0000000080000000, 0x0000000100000000)
  region size 1024K, 4 young (4096K), 4 survivors (4096K)
 Metaspace       used 99333K, committed 100416K, reserved 557056K
  class space    used 13873K, committed 14400K, reserved 425984K
}

