# JRE version: Java(TM) SE Runtime Environment (17.0.12+8) (build 17.0.12+8-LTS-286)
# Java VM: Java HotSpot(TM) 64-Bit Server VM (17.0.12+8-LTS-286, mixed mode, sharing, tiered, compressed oops, compressed class ptrs, g1 gc, windows-amd64)
GC Precious Log:
 CPUs: 4 total, 4 available
 Memory: 8073M
 Large Page Support: Disabled
 NUMA Support: Disabled
 Compressed Oops: Enabled (32-bit)
 Heap Region Size: 1M
 Heap Min Capacity: 8M
 Heap Initial Capacity: 128M
 Heap Max Capacity: 2G
 Pre-touch: Disabled
 Parallel Workers: 4
 Concurrent Workers: 1
 Concurrent Refinement Workers: 4
 Periodic GC: Disabled
Heap:
 garbage-first heap   total 264192K, used 208081K [0x0000000080000000, 0x0000000100000000)
  region size 1024K, 3 young (3072K), 3 survivors (3072K)
 Metaspace       used 117373K, committed 118784K, reserved 557056K
  class space    used 16118K, committed 16768K, reserved 425984K
GC Heap History (20 events):
Event: 115.667 GC heap after
{Heap after GC invocations=72 (full 0):
 garbage-first heap   total 264192K, used 188773K [0x0000000080000000, 0x0000000100000000)
  region size 1024K, 3 young (3072K), 3 survivors (3072K)
 Metaspace       used 117043K, committed 118400K, reserved 557056K
  class space    used 16081K, committed 16704K, reserved 425984K
}
Event: 116.227 GC heap before
{Heap before GC invocations=72 (full 0):
 garbage-first heap   total 264192K, used 224613K [0x0000000080000000, 0x0000000100000000)
  region size 1024K, 39 young (39936K), 3 survivors (3072K)
 Metaspace       used 117043K, committed 118400K, reserved 557056K
  class space    used 16081K, committed 16704K, reserved 425984K
}
Event: 116.234 GC heap after
{Heap after GC invocations=73 (full 0):
 garbage-first heap   total 264192K, used 190156K [0x0000000080000000, 0x0000000100000000)
  region size 1024K, 4 young (4096K), 4 survivors (4096K)
 Metaspace       used 117043K, committed 118400K, reserved 557056K
  class space    used 16081K, committed 16704K, reserved 425984K
}
Event: 116.674 GC heap before
{Heap before GC invocations=73 (full 0):
 garbage-first heap   total 264192K, used 224972K [0x0000000080000000, 0x0000000100000000)
  region size 1024K, 39 young (39936K), 4 survivors (4096K)
 Metaspace       used 117054K, committed 118464K, reserved 557056K
  class space    used 16082K, committed 16704K, reserved 425984K
}
Event: 116.682 GC heap after
{Heap after GC invocations=74 (full 0):
 garbage-first heap   total 264192K, used 190986K [0x0000000080000000, 0x0000000100000000)
  region size 1024K, 3 young (3072K), 3 survivors (3072K)
 Metaspace       used 117054K, committed 118464K, reserved 557056K
  class space    used 16082K, committed 16704K, reserved 425984K
}
Event: 119.672 GC heap before
{Heap before GC invocations=74 (full 0):
 garbage-first heap   total 264192K, used 228874K [0x0000000080000000, 0x0000000100000000)
  region size 1024K, 38 young (38912K), 3 survivors (3072K)
 Metaspace       used 117358K, committed 118784K, reserved 557056K
  class space    used 16118K, committed 16768K, reserved 425984K
}
Event: 119.683 GC heap after
{Heap after GC invocations=75 (full 0):
 garbage-first heap   total 264192K, used 201334K [0x0000000080000000, 0x0000000100000000)
  region size 1024K, 5 young (5120K), 5 survivors (5120K)
 Metaspace       used 117358K, committed 118784K, reserved 557056K
  class space    used 16118K, committed 16768K, reserved 425984K
}
Event: 120.215 GC heap before
{Heap before GC invocations=75 (full 0):
 garbage-first heap   total 264192K, used 224886K [0x0000000080000000, 0x0000000100000000)
  region size 1024K, 29 young (29696K), 5 survivors (5120K)
 Metaspace       used 117373K, committed 118784K, reserved 557056K
  class space    used 16118K, committed 16768K, reserved 425984K
}
Event: 120.227 GC heap after
{Heap after GC invocations=76 (full 0):
 garbage-first heap   total 264192K, used 205850K [0x0000000080000000, 0x0000000100000000)
  region size 1024K, 4 young (4096K), 4 survivors (4096K)
 Metaspace       used 117373K, committed 118784K, reserved 557056K
  class space    used 16118K, committed 16768K, reserved 425984K
}
Event: 120.469 GC heap before
{Heap before GC invocations=76 (full 0):
 garbage-first heap   total 264192K, used 225306K [0x0000000080000000, 0x0000000100000000)
  region size 1024K, 24 young (24576K), 4 survivors (4096K)
 Metaspace       used 117373K, committed 118784K, reserved 557056K
  class space    used 16118K, committed 16768K, reserved 425984K
}
Event: 120.475 GC heap after
{Heap after GC invocations=77 (full 0):
 garbage-first heap   total 264192K, used 206348K [0x0000000080000000, 0x0000000100000000)
  region size 1024K, 3 young (3072K), 3 survivors (3072K)
 Metaspace       used 117373K, committed 118784K, reserved 557056K
  class space    used 16118K, committed 16768K, reserved 425984K
}
Event: 120.949 GC heap before
{Heap before GC invocations=77 (full 0):
 garbage-first heap   total 264192K, used 226828K [0x0000000080000000, 0x0000000100000000)
  region size 1024K, 24 young (24576K), 3 survivors (3072K)
 Metaspace       used 117373K, committed 118784K, reserved 557056K
  class space    used 16118K, committed 16768K, reserved 425984K
}
Event: 120.953 GC heap after
{Heap after GC invocations=78 (full 0):
 garbage-first heap   total 264192K, used 206789K [0x0000000080000000, 0x0000000100000000)
  region size 1024K, 3 young (3072K), 3 survivors (3072K)
 Metaspace       used 117373K, committed 118784K, reserved 557056K
  class space    used 16118K, committed 16768K, reserved 425984K
}
Event: 121.239 GC heap before
{Heap before GC invocations=78 (full 0):
 garbage-first heap   total 264192K, used 227269K [0x0000000080000000, 0x0000000100000000)
  region size 1024K, 24 young (24576K), 3 survivors (3072K)
 Metaspace       used 117373K, committed 118784K, reserved 557056K
  class space    used 16118K, committed 16768K, reserved 425984K
}
Event: 121.243 GC heap after
{Heap after GC invocations=79 (full 0):
 garbage-first heap   total 264192K, used 207091K [0x0000000080000000, 0x0000000100000000)
  region size 1024K, 3 young (3072K), 3 survivors (3072K)
 Metaspace       used 117373K, committed 118784K, reserved 557056K
  class space    used 16118K, committed 16768K, reserved 425984K
}
Event: 121.390 GC heap before
{Heap before GC invocations=79 (full 0):
 garbage-first heap   total 264192K, used 227571K [0x0000000080000000, 0x0000000100000000)
  region size 1024K, 24 young (24576K), 3 survivors (3072K)
 Metaspace       used 117373K, committed 118784K, reserved 557056K
  class space    used 16118K, committed 16768K, reserved 425984K
}
Event: 121.395 GC heap after
{Heap after GC invocations=80 (full 0):
 garbage-first heap   total 264192K, used 207556K [0x0000000080000000, 0x0000000100000000)
  region size 1024K, 3 young (3072K), 3 survivors (3072K)
 Metaspace       used 117373K, committed 118784K, reserved 557056K
  class space    used 16118K, committed 16768K, reserved 425984K
}
Event: 121.534 GC heap before
{Heap before GC invocations=80 (full 0):
 garbage-first heap   total 264192K, used 227012K [0x0000000080000000, 0x0000000100000000)
  region size 1024K, 23 young (23552K), 3 survivors (3072K)
 Metaspace       used 117373K, committed 118784K, reserved 557056K
  class space    used 16118K, committed 16768K, reserved 425984K
}
Event: 121.539 GC heap after
{Heap after GC invocations=81 (full 0):
 garbage-first heap   total 264192K, used 207768K [0x0000000080000000, 0x0000000100000000)
  region size 1024K, 3 young (3072K), 3 survivors (3072K)
 Metaspace       used 117373K, committed 118784K, reserved 557056K
  class space    used 16118K, committed 16768K, reserved 425984K
}
Event: 121.688 GC heap before
{Heap before GC invocations=81 (full 0):
 garbage-first heap   total 264192K, used 228248K [0x0000000080000000, 0x0000000100000000)
  region size 1024K, 24 young (24576K), 3 survivors (3072K)
 Metaspace       used 117373K, committed 118784K, reserved 557056K
  class space    used 16118K, committed 16768K, reserved 425984K
}

